#
# There is insufficient memory for the Java Runtime Environment to continue.
# Native memory allocation (malloc) failed to allocate 813136 bytes for Chunk::new
# Possible reasons:
#   The system is out of physical RAM or swap space
#   In 32 bit mode, the process size limit was hit
# Possible solutions:
#   Reduce memory load on the system
#   Increase physical memory or swap space
#   Check if swap backing store is full
#   Use 64 bit Java on a 64 bit OS
#   Decrease Java heap size (-Xmx/-Xms)
#   Decrease number of Java threads
#   Decrease Java thread stack sizes (-Xss)
#   Set larger code cache with -XX:ReservedCodeCacheSize=
# This output file may be truncated or incomplete.
#
#  Out of Memory Error (allocation.cpp:390), pid=34048, tid=0x0000000000001af4
#
# JRE version: Java(TM) SE Runtime Environment (8.0_144-b01) (build 1.8.0_144-b01)
# Java VM: Java HotSpot(TM) 64-Bit Server VM (25.144-b01 mixed mode windows-amd64 compressed oops)
# Failed to write core dump. Minidumps are not enabled by default on client versions of Windows
#

---------------  T H R E A D  ---------------

Current thread (0x000000001a2fc000):  JavaThread "C2 CompilerThread2" daemon [_thread_in_native, id=6900, stack(0x000000001ac90000,0x000000001ad90000)]

Stack: [0x000000001ac90000,0x000000001ad90000]
[error occurred during error reporting (printing stack bounds), id 0xc0000005]

Native frames: (J=compiled Java code, j=interpreted, Vv=VM code, C=native code)


Current CompileTask:
C2:  30606 6256   !   4       lombok.javac.JavacAST::drill (143 bytes)


---------------  P R O C E S S  ---------------

Java Threads: ( => current thread )
  0x000000001a399000 JavaThread "Service Thread" daemon [_thread_blocked, id=23652, stack(0x000000001ae90000,0x000000001af90000)]
  0x000000001a2fc800 JavaThread "C1 CompilerThread3" daemon [_thread_blocked, id=35408, stack(0x000000001ad90000,0x000000001ae90000)]
=>0x000000001a2fc000 JavaThread "C2 CompilerThread2" daemon [_thread_in_native, id=6900, stack(0x000000001ac90000,0x000000001ad90000)]
  0x000000001a2f1000 JavaThread "C2 CompilerThread1" daemon [_thread_in_native, id=29492, stack(0x000000001ab90000,0x000000001ac90000)]
  0x000000001a2ed800 JavaThread "C2 CompilerThread0" daemon [_thread_in_native, id=33764, stack(0x000000001aa90000,0x000000001ab90000)]
  0x000000001a2e2800 JavaThread "Monitor Ctrl-Break" daemon [_thread_in_native, id=32360, stack(0x000000001a990000,0x000000001aa90000)]
  0x000000001a267800 JavaThread "Attach Listener" daemon [_thread_blocked, id=35432, stack(0x000000001a890000,0x000000001a990000)]
  0x000000001837e800 JavaThread "Signal Dispatcher" daemon [_thread_blocked, id=33140, stack(0x000000001a790000,0x000000001a890000)]
  0x000000001a250800 JavaThread "Finalizer" daemon [_thread_blocked, id=28812, stack(0x000000001a630000,0x000000001a730000)]
  0x0000000003458000 JavaThread "Reference Handler" daemon [_thread_blocked, id=35348, stack(0x000000001a130000,0x000000001a230000)]
  0x000000000325d800 JavaThread "main" [_thread_in_native, id=18704, stack(0x0000000003110000,0x0000000003210000)]

Other Threads:
  0x0000000018369000 VMThread [stack: 0x000000001a030000,0x000000001a130000] [id=32624]
  0x000000001a41a000 WatcherThread [stack: 0x000000001af90000,0x000000001b090000] [id=27244]

VM state:not at safepoint (normal execution)

VM Mutex/Monitor currently owned by a thread: None

Heap:
 PSYoungGen      total 181760K, used 127372K [0x00000000d6180000, 0x00000000e2300000, 0x0000000100000000)
  eden space 166912K, 67% used [0x00000000d6180000,0x00000000dcf6aad8,0x00000000e0480000)
  from space 14848K, 99% used [0x00000000e1480000,0x00000000e22f8530,0x00000000e2300000)
  to   space 1024K, 0% used [0x00000000e0b80000,0x00000000e0b80000,0x00000000e0c80000)
 ParOldGen       total 84992K, used 48115K [0x0000000082400000, 0x0000000087700000, 0x00000000d6180000)
  object space 84992K, 56% used [0x0000000082400000,0x00000000852fccd8,0x0000000087700000)
 Metaspace       used 26977K, capacity 27698K, committed 27904K, reserved 1073152K
  class space    used 3075K, capacity 3267K, committed 3328K, reserved 1048576K

Card table byte_map: [0x0000000012820000,0x0000000012c10000] byte_map_base: 0x000000001240e000

Marking Bits: (ParMarkBitMap*) 0x000000006a4fd850
 Begin Bits: [0x00000000136b0000, 0x0000000015620000)
 End Bits:   [0x0000000015620000, 0x0000000017590000)

Polling page: 0x0000000002cf0000

CodeCache: size=245760Kb used=22043Kb max_used=22043Kb free=223716Kb
 bounds [0x0000000003460000, 0x0000000004a00000, 0x0000000012460000]
 total_blobs=5917 nmethods=5476 adapters=353
 compilation: enabled

Compilation events (10 events):
Event: 30.594 Thread 0x000000001a2fc800 nmethod 6285 0x00000000049f4450 code [0x00000000049f4660, 0x00000000049f51f8]
Event: 30.594 Thread 0x000000001a2fc800 6286       3       java.net.URI::normalize (115 bytes)
Event: 30.594 Thread 0x000000001a2fc800 nmethod 6286 0x00000000049f5610 code [0x00000000049f57a0, 0x00000000049f5d98]
Event: 30.594 Thread 0x000000001a2fc800 6287       3       java.net.URI::hashCode (122 bytes)
Event: 30.595 Thread 0x000000001a2fc800 nmethod 6287 0x00000000049f5f50 code [0x00000000049f6260, 0x00000000049f7c98]
Event: 30.595 Thread 0x000000001a2fc800 6288       3       lombok.javac.PackageName::getPackageName (18 bytes)
Event: 30.595 Thread 0x000000001a2fc800 nmethod 6288 0x00000000049f8450 code [0x00000000049f85c0, 0x00000000049f8838]
Event: 30.595 Thread 0x000000001a2fc800 6289   !   3       lombok.javac.PackageName::getPackageNode (71 bytes)
Event: 30.595 Thread 0x000000001a2fc800 nmethod 6289 0x00000000049f8910 code [0x00000000049f8ac0, 0x00000000049f9368]
Event: 30.597 Thread 0x000000001a2fc800 6290       3       java.lang.Class::getDeclaredField (34 bytes)

GC Heap History (10 events):
Event: 18.368 GC heap before
{Heap before GC invocations=19 (full 0):
 PSYoungGen      total 205312K, used 189152K [0x00000000d6180000, 0x00000000e3b00000, 0x0000000100000000)
  eden space 188928K, 100% used [0x00000000d6180000,0x00000000e1a00000,0x00000000e1a00000)
  from space 16384K, 1% used [0x00000000e2b00000,0x00000000e2b38000,0x00000000e3b00000)
  to   space 16896K, 0% used [0x00000000e1a00000,0x00000000e1a00000,0x00000000e2a80000)
 ParOldGen       total 86016K, used 34003K [0x0000000082400000, 0x0000000087800000, 0x00000000d6180000)
  object space 86016K, 39% used [0x0000000082400000,0x0000000084534c20,0x0000000087800000)
 Metaspace       used 20350K, capacity 20976K, committed 21248K, reserved 1069056K
  class space    used 2336K, capacity 2478K, committed 2560K, reserved 1048576K
Event: 18.369 GC heap after
Heap after GC invocations=19 (full 0):
 PSYoungGen      total 181760K, used 272K [0x00000000d6180000, 0x00000000e3280000, 0x0000000100000000)
  eden space 181248K, 0% used [0x00000000d6180000,0x00000000d6180000,0x00000000e1280000)
  from space 512K, 53% used [0x00000000e1a00000,0x00000000e1a44010,0x00000000e1a80000)
  to   space 16384K, 0% used [0x00000000e2280000,0x00000000e2280000,0x00000000e3280000)
 ParOldGen       total 86016K, used 34019K [0x0000000082400000, 0x0000000087800000, 0x00000000d6180000)
  object space 86016K, 39% used [0x0000000082400000,0x0000000084538c20,0x0000000087800000)
 Metaspace       used 20350K, capacity 20976K, committed 21248K, reserved 1069056K
  class space    used 2336K, capacity 2478K, committed 2560K, reserved 1048576K
}
Event: 18.608 GC heap before
{Heap before GC invocations=20 (full 0):
 PSYoungGen      total 181760K, used 181520K [0x00000000d6180000, 0x00000000e3280000, 0x0000000100000000)
  eden space 181248K, 100% used [0x00000000d6180000,0x00000000e1280000,0x00000000e1280000)
  from space 512K, 53% used [0x00000000e1a00000,0x00000000e1a44010,0x00000000e1a80000)
  to   space 16384K, 0% used [0x00000000e2280000,0x00000000e2280000,0x00000000e3280000)
 ParOldGen       total 86016K, used 34019K [0x0000000082400000, 0x0000000087800000, 0x00000000d6180000)
  object space 86016K, 39% used [0x0000000082400000,0x0000000084538c20,0x0000000087800000)
 Metaspace       used 20359K, capacity 20976K, committed 21248K, reserved 1069056K
  class space    used 2336K, capacity 2478K, committed 2560K, reserved 1048576K
Event: 18.609 GC heap after
Heap after GC invocations=20 (full 0):
 PSYoungGen      total 181248K, used 256K [0x00000000d6180000, 0x00000000e2980000, 0x0000000100000000)
  eden space 174080K, 0% used [0x00000000d6180000,0x00000000d6180000,0x00000000e0b80000)
  from space 7168K, 3% used [0x00000000e2280000,0x00000000e22c0000,0x00000000e2980000)
  to   space 15360K, 0% used [0x00000000e0b80000,0x00000000e0b80000,0x00000000e1a80000)
 ParOldGen       total 86016K, used 34067K [0x0000000082400000, 0x0000000087800000, 0x00000000d6180000)
  object space 86016K, 39% used [0x0000000082400000,0x0000000084544c20,0x0000000087800000)
 Metaspace       used 20359K, capacity 20976K, committed 21248K, reserved 1069056K
  class space    used 2336K, capacity 2478K, committed 2560K, reserved 1048576K
}
Event: 19.648 GC heap before
{Heap before GC invocations=21 (full 0):
 PSYoungGen      total 181248K, used 111494K [0x00000000d6180000, 0x00000000e2980000, 0x0000000100000000)
  eden space 174080K, 63% used [0x00000000d6180000,0x00000000dce218a8,0x00000000e0b80000)
  from space 7168K, 3% used [0x00000000e2280000,0x00000000e22c0000,0x00000000e2980000)
  to   space 15360K, 0% used [0x00000000e0b80000,0x00000000e0b80000,0x00000000e1a80000)
 ParOldGen       total 86016K, used 34067K [0x0000000082400000, 0x0000000087800000, 0x00000000d6180000)
  object space 86016K, 39% used [0x0000000082400000,0x0000000084544c20,0x0000000087800000)
 Metaspace       used 20597K, capacity 21192K, committed 21248K, reserved 1069056K
  class space    used 2363K, capacity 2550K, committed 2560K, reserved 1048576K
Event: 19.650 GC heap after
Heap after GC invocations=21 (full 0):
 PSYoungGen      total 167936K, used 672K [0x00000000d6180000, 0x00000000e2300000, 0x0000000100000000)
  eden space 166912K, 0% used [0x00000000d6180000,0x00000000d6180000,0x00000000e0480000)
  from space 1024K, 65% used [0x00000000e0b80000,0x00000000e0c28000,0x00000000e0c80000)
  to   space 14848K, 0% used [0x00000000e1480000,0x00000000e1480000,0x00000000e2300000)
 ParOldGen       total 86016K, used 34091K [0x0000000082400000, 0x0000000087800000, 0x00000000d6180000)
  object space 86016K, 39% used [0x0000000082400000,0x000000008454ac20,0x0000000087800000)
 Metaspace       used 20597K, capacity 21192K, committed 21248K, reserved 1069056K
  class space    used 2363K, capacity 2550K, committed 2560K, reserved 1048576K
}
Event: 19.650 GC heap before
{Heap before GC invocations=22 (full 1):
 PSYoungGen      total 167936K, used 672K [0x00000000d6180000, 0x00000000e2300000, 0x0000000100000000)
  eden space 166912K, 0% used [0x00000000d6180000,0x00000000d6180000,0x00000000e0480000)
  from space 1024K, 65% used [0x00000000e0b80000,0x00000000e0c28000,0x00000000e0c80000)
  to   space 14848K, 0% used [0x00000000e1480000,0x00000000e1480000,0x00000000e2300000)
 ParOldGen       total 86016K, used 34091K [0x0000000082400000, 0x0000000087800000, 0x00000000d6180000)
  object space 86016K, 39% used [0x0000000082400000,0x000000008454ac20,0x0000000087800000)
 Metaspace       used 20597K, capacity 21192K, committed 21248K, reserved 1069056K
  class space    used 2363K, capacity 2550K, committed 2560K, reserved 1048576K
Event: 19.799 GC heap after
Heap after GC invocations=22 (full 1):
 PSYoungGen      total 167936K, used 0K [0x00000000d6180000, 0x00000000e2300000, 0x0000000100000000)
  eden space 166912K, 0% used [0x00000000d6180000,0x00000000d6180000,0x00000000e0480000)
  from space 1024K, 0% used [0x00000000e0b80000,0x00000000e0b80000,0x00000000e0c80000)
  to   space 14848K, 0% used [0x00000000e1480000,0x00000000e1480000,0x00000000e2300000)
 ParOldGen       total 84992K, used 28117K [0x0000000082400000, 0x0000000087700000, 0x00000000d6180000)
  object space 84992K, 33% used [0x0000000082400000,0x0000000083f754e0,0x0000000087700000)
 Metaspace       used 20597K, capacity 21192K, committed 21248K, reserved 1069056K
  class space    used 2363K, capacity 2550K, committed 2560K, reserved 1048576K
}
Event: 28.083 GC heap before
{Heap before GC invocations=23 (full 1):
 PSYoungGen      total 167936K, used 166912K [0x00000000d6180000, 0x00000000e2300000, 0x0000000100000000)
  eden space 166912K, 100% used [0x00000000d6180000,0x00000000e0480000,0x00000000e0480000)
  from space 1024K, 0% used [0x00000000e0b80000,0x00000000e0b80000,0x00000000e0c80000)
  to   space 14848K, 0% used [0x00000000e1480000,0x00000000e1480000,0x00000000e2300000)
 ParOldGen       total 84992K, used 28117K [0x0000000082400000, 0x0000000087700000, 0x00000000d6180000)
  object space 84992K, 33% used [0x0000000082400000,0x0000000083f754e0,0x0000000087700000)
 Metaspace       used 25245K, capacity 25864K, committed 26112K, reserved 1073152K
  class space    used 2893K, capacity 3062K, committed 3072K, reserved 1048576K
Event: 28.117 GC heap after
Heap after GC invocations=23 (full 1):
 PSYoungGen      total 181760K, used 14817K [0x00000000d6180000, 0x00000000e2300000, 0x0000000100000000)
  eden space 166912K, 0% used [0x00000000d6180000,0x00000000d6180000,0x00000000e0480000)
  from space 14848K, 99% used [0x00000000e1480000,0x00000000e22f8530,0x00000000e2300000)
  to   space 1024K, 0% used [0x00000000e0b80000,0x00000000e0b80000,0x00000000e0c80000)
 ParOldGen       total 84992K, used 48115K [0x0000000082400000, 0x0000000087700000, 0x00000000d6180000)
  object space 84992K, 56% used [0x0000000082400000,0x00000000852fccd8,0x0000000087700000)
 Metaspace       used 25245K, capacity 25864K, committed 26112K, reserved 1073152K
  class space    used 2893K, capacity 3062K, committed 3072K, reserved 1048576K
}

Deoptimization events (10 events):
Event: 30.023 Thread 0x000000000325d800 Uncommon trap: reason=unstable_if action=reinterpret pc=0x0000000003b2b91c method=java.util.HashMap.hash(Ljava/lang/Object;)I @ 1
Event: 30.051 Thread 0x000000000325d800 Uncommon trap: reason=unstable_if action=reinterpret pc=0x0000000003c6c414 method=java.util.regex.Pattern.sequence(Ljava/util/regex/Pattern$Node;)Ljava/util/regex/Pattern$Node; @ 281
Event: 30.051 Thread 0x000000000325d800 Uncommon trap: reason=unstable_if action=reinterpret pc=0x0000000004421f78 method=java.util.regex.Pattern.compile()V @ 320
Event: 30.059 Thread 0x000000000325d800 Uncommon trap: reason=unstable_if action=reinterpret pc=0x0000000003bb31c4 method=java.util.regex.Pattern$Begin.match(Ljava/util/regex/Matcher;ILjava/lang/CharSequence;)Z @ 33
Event: 30.198 Thread 0x000000000325d800 Uncommon trap: reason=bimorphic action=maybe_recompile pc=0x0000000003b28580 method=java.util.regex.Pattern$5.isSatisfiedBy(I)Z @ 5
Event: 30.198 Thread 0x000000000325d800 Uncommon trap: reason=bimorphic action=maybe_recompile pc=0x0000000003b2856c method=java.util.regex.Pattern$5.isSatisfiedBy(I)Z @ 5
Event: 30.198 Thread 0x000000000325d800 Uncommon trap: reason=bimorphic action=maybe_recompile pc=0x0000000003b2856c method=java.util.regex.Pattern$5.isSatisfiedBy(I)Z @ 5
Event: 30.198 Thread 0x000000000325d800 Uncommon trap: reason=bimorphic action=maybe_recompile pc=0x0000000003b2856c method=java.util.regex.Pattern$5.isSatisfiedBy(I)Z @ 5
Event: 30.376 Thread 0x000000000325d800 Uncommon trap: reason=unstable_if action=reinterpret pc=0x000000000428007c method=java.io.WinNTFileSystem.resolve(Ljava/lang/String;Ljava/lang/String;)Ljava/lang/String; @ 117
Event: 30.389 Thread 0x000000000325d800 Uncommon trap: reason=unstable_if action=reinterpret pc=0x000000000416c0a0 method=java.io.WinNTFileSystem.resolve(Ljava/lang/String;Ljava/lang/String;)Ljava/lang/String; @ 117

Internal exceptions (10 events):
Event: 11.100 Thread 0x000000000325d800 Implicit null exception at 0x0000000003c7d2f8 to 0x0000000003c7da65
Event: 12.581 Thread 0x000000000325d800 Exception <a 'java/lang/NoSuchMethodError': org.apache.maven.execution.MavenExecutionRequest.getFailureBehavior()Ljava/lang/String;> (0x00000000d8bc9b38) thrown at [C:\re\workspace\8-2-build-windows-amd64-cygwin\jdk8u144\9417\hotspot\src\share\vm\interpre
Event: 13.615 Thread 0x000000000325d800 Implicit null exception at 0x00000000040bc17b to 0x00000000040bc369
Event: 17.428 Thread 0x000000000325d800 Implicit null exception at 0x00000000041f129b to 0x00000000041f54f1
Event: 17.505 Thread 0x000000000325d800 Implicit null exception at 0x00000000041e67bb to 0x00000000041ea9f5
Event: 19.462 Thread 0x000000000325d800 Exception <a 'java/lang/ClassNotFoundException': com/sun/tools/javac/api/JavacTool> (0x00000000dcd90720) thrown at [C:\re\workspace\8-2-build-windows-amd64-cygwin\jdk8u144\9417\hotspot\src\share\vm\classfile\systemDictionary.cpp, line 210]
Event: 25.792 Thread 0x000000000325d800 Exception <a 'java/io/FileNotFoundException'> (0x00000000db8e15e0) thrown at [C:\re\workspace\8-2-build-windows-amd64-cygwin\jdk8u144\9417\hotspot\src\share\vm\prims\jni.cpp, line 709]
Event: 25.935 Thread 0x000000000325d800 Exception <a 'java/io/FileNotFoundException'> (0x00000000db9163a8) thrown at [C:\re\workspace\8-2-build-windows-amd64-cygwin\jdk8u144\9417\hotspot\src\share\vm\prims\jni.cpp, line 709]
Event: 30.013 Thread 0x000000000325d800 Implicit null exception at 0x0000000003b605b1 to 0x0000000003b609b9
Event: 30.023 Thread 0x000000000325d800 Implicit null exception at 0x0000000003b2b715 to 0x0000000003b2b90d

Events (10 events):
Event: 30.507 Thread 0x000000000325d800 DEOPT PACKING pc=0x0000000003cd06b0 sp=0x000000000320ce40
Event: 30.507 Thread 0x000000000325d800 DEOPT UNPACKING pc=0x00000000034a787f sp=0x000000000320cc90 mode 0
Event: 30.538 Thread 0x000000000325d800 DEOPT PACKING pc=0x0000000003cd06b0 sp=0x000000000320ce40
Event: 30.538 Thread 0x000000000325d800 DEOPT UNPACKING pc=0x00000000034a787f sp=0x000000000320cc90 mode 0
Event: 30.561 loading class com/sun/source/tree/LambdaExpressionTree$BodyKind
Event: 30.561 loading class com/sun/source/tree/LambdaExpressionTree$BodyKind done
Event: 30.565 Thread 0x000000000325d800 DEOPT PACKING pc=0x0000000003cd06b0 sp=0x000000000320ce40
Event: 30.565 Thread 0x000000000325d800 DEOPT UNPACKING pc=0x00000000034a787f sp=0x000000000320cc90 mode 0
Event: 30.593 Thread 0x000000000325d800 DEOPT PACKING pc=0x0000000003cd06b0 sp=0x000000000320ce40
Event: 30.593 Thread 0x000000000325d800 DEOPT UNPACKING pc=0x00000000034a787f sp=0x000000000320cc90 mode 0


Dynamic libraries:
0x00007ff623de0000 - 0x00007ff623e17000 	E:\soft\java\jdk-8u144\bin\java.exe
0x00007ff993d20000 - 0x00007ff993f10000 	C:\Windows\SYSTEM32\ntdll.dll
0x00007ff993460000 - 0x00007ff993512000 	C:\Windows\System32\KERNEL32.DLL
0x00007ff990f20000 - 0x00007ff9911c4000 	C:\Windows\System32\KERNELBASE.dll
0x00007ff991f70000 - 0x00007ff992013000 	C:\Windows\System32\ADVAPI32.dll
0x00007ff9920b0000 - 0x00007ff99214e000 	C:\Windows\System32\msvcrt.dll
0x00007ff993520000 - 0x00007ff9935b7000 	C:\Windows\System32\sechost.dll
0x00007ff992150000 - 0x00007ff992270000 	C:\Windows\System32\RPCRT4.dll
0x00007ff993ae0000 - 0x00007ff993c75000 	C:\Windows\System32\USER32.dll
0x00007ff991d20000 - 0x00007ff991d41000 	C:\Windows\System32\win32u.dll
0x00007ff9935c0000 - 0x00007ff9935e6000 	C:\Windows\System32\GDI32.dll
0x00007ff9911d0000 - 0x00007ff991366000 	C:\Windows\System32\gdi32full.dll
0x00007ff9913c0000 - 0x00007ff99145e000 	C:\Windows\System32\msvcp_win.dll
0x00007ff991490000 - 0x00007ff99158a000 	C:\Windows\System32\ucrtbase.dll
0x00007ff97df50000 - 0x00007ff97e1d4000 	C:\Windows\WinSxS\amd64_microsoft.windows.common-controls_6595b64144ccf1df_6.0.18362.1016_none_9e7a36bbe461dae4\COMCTL32.dll
0x00007ff992300000 - 0x00007ff992635000 	C:\Windows\System32\combase.dll
0x00007ff991d50000 - 0x00007ff991dd0000 	C:\Windows\System32\bcryptPrimitives.dll
0x00007ff992ca0000 - 0x00007ff992cce000 	C:\Windows\System32\IMM32.DLL
0x000000006a580000 - 0x000000006a652000 	E:\soft\java\jdk-8u144\jre\bin\msvcr100.dll
0x0000000069ce0000 - 0x000000006a57d000 	E:\soft\java\jdk-8u144\jre\bin\server\jvm.dll
0x00007ff9922f0000 - 0x00007ff9922f8000 	C:\Windows\System32\PSAPI.DLL
0x00007ff97c6e0000 - 0x00007ff97c6e9000 	C:\Windows\SYSTEM32\WSOCK32.dll
0x00007ff9907c0000 - 0x00007ff9907ca000 	C:\Windows\SYSTEM32\VERSION.dll
0x00007ff98d410000 - 0x00007ff98d434000 	C:\Windows\SYSTEM32\WINMM.dll
0x00007ff992040000 - 0x00007ff9920af000 	C:\Windows\System32\WS2_32.dll
0x00007ff98d3e0000 - 0x00007ff98d40d000 	C:\Windows\SYSTEM32\winmmbase.dll
0x00007ff991370000 - 0x00007ff9913ba000 	C:\Windows\System32\cfgmgr32.dll
0x000000006b1f0000 - 0x000000006b1ff000 	E:\soft\java\jdk-8u144\jre\bin\verify.dll
0x000000006b1c0000 - 0x000000006b1e9000 	E:\soft\java\jdk-8u144\jre\bin\java.dll
0x0000000069cb0000 - 0x0000000069cd3000 	E:\soft\java\jdk-8u144\jre\bin\instrument.dll
0x000000006b1a0000 - 0x000000006b1b6000 	E:\soft\java\jdk-8u144\jre\bin\zip.dll
0x00007ff992cf0000 - 0x00007ff9933d7000 	C:\Windows\System32\SHELL32.dll
0x00007ff992780000 - 0x00007ff992829000 	C:\Windows\System32\shcore.dll
0x00007ff991590000 - 0x00007ff991d12000 	C:\Windows\System32\windows.storage.dll
0x00007ff990c70000 - 0x00007ff990c93000 	C:\Windows\System32\profapi.dll
0x00007ff990c20000 - 0x00007ff990c6a000 	C:\Windows\System32\powrprof.dll
0x00007ff990bd0000 - 0x00007ff990be0000 	C:\Windows\System32\UMPDC.dll
0x00007ff993c80000 - 0x00007ff993cd2000 	C:\Windows\System32\shlwapi.dll
0x00007ff990c00000 - 0x00007ff990c11000 	C:\Windows\System32\kernel.appcore.dll
0x00007ff990ca0000 - 0x00007ff990cb7000 	C:\Windows\System32\cryptsp.dll
0x00007ff988a40000 - 0x00007ff988a5a000 	D:\soft\IntelliJ IDEA 2019.3.4\bin\breakgen64.dll
0x0000000069c90000 - 0x0000000069caa000 	E:\soft\java\jdk-8u144\jre\bin\net.dll
0x00007ff9903c0000 - 0x00007ff990427000 	C:\Windows\system32\mswsock.dll
0x00007ff98ff30000 - 0x00007ff98ff63000 	C:\Windows\system32\rsaenh.dll
0x00007ff991460000 - 0x00007ff991486000 	C:\Windows\System32\bcrypt.dll
0x00007ff990ac0000 - 0x00007ff990ae5000 	C:\Windows\SYSTEM32\USERENV.dll
0x00007ff990590000 - 0x00007ff99059c000 	C:\Windows\SYSTEM32\CRYPTBASE.dll
0x00007ff9900d0000 - 0x00007ff99010a000 	C:\Windows\SYSTEM32\IPHLPAPI.DLL
0x00007ff992cd0000 - 0x00007ff992cd8000 	C:\Windows\System32\NSI.dll
0x00007ff9890e0000 - 0x00007ff9890f6000 	C:\Windows\SYSTEM32\dhcpcsvc6.DLL
0x00007ff9890c0000 - 0x00007ff9890dc000 	C:\Windows\SYSTEM32\dhcpcsvc.DLL
0x00007ff990110000 - 0x00007ff9901db000 	C:\Windows\SYSTEM32\DNSAPI.dll
0x0000000069c70000 - 0x0000000069c81000 	E:\soft\java\jdk-8u144\jre\bin\nio.dll
0x00007ff98cdf0000 - 0x00007ff98cdfa000 	C:\Users\dky\AppData\Local\Temp\jansi-1.17.1-9117565888229335173.dll
0x00007ff98bbb0000 - 0x00007ff98bbba000 	C:\Users\dky\AppData\Local\Temp\jansi-1.17.1-178446655578263929.dll
0x0000000069c50000 - 0x0000000069c5d000 	E:\soft\java\jdk-8u144\jre\bin\management.dll
0x00007ff96e8b0000 - 0x00007ff96e8c6000 	C:\Windows\system32\napinsp.dll
0x00007ff96e890000 - 0x00007ff96e8aa000 	C:\Windows\system32\pnrpnsp.dll
0x00007ff96e880000 - 0x00007ff96e88e000 	C:\Windows\System32\winrnr.dll
0x00007ff98cdd0000 - 0x00007ff98cdec000 	C:\Windows\system32\NLAapi.dll
0x00007ff98bdb0000 - 0x00007ff98bdc5000 	C:\Windows\system32\wshbth.dll
0x00007ff985420000 - 0x00007ff98542a000 	C:\Windows\System32\rasadhlp.dll
0x00007ff9878f0000 - 0x00007ff987967000 	C:\Windows\System32\fwpuclnt.dll

VM Arguments:
jvm_args: -Dmaven.multiModuleProjectDirectory=F:\miniProgram\code\retrieve_garbage\huishou-server\project\jeecg-boot -Dmaven.home=D:\soft\IntelliJ IDEA 2019.3.4\plugins\maven\lib\maven3 -Dclassworlds.conf=D:\soft\IntelliJ IDEA 2019.3.4\plugins\maven\lib\maven3\bin\m2.conf -Dmaven.ext.class.path=D:\soft\IntelliJ IDEA 2019.3.4\plugins\maven\lib\maven-event-listener.jar -javaagent:D:\soft\IntelliJ IDEA 2019.3.4\lib\idea_rt.jar=63137:D:\soft\IntelliJ IDEA 2019.3.4\bin -Dfile.encoding=UTF-8 
java_command: org.codehaus.classworlds.Launcher -Didea.version2019.3.4 -s E:\develop\apache-maven-3.1.1\conf\settings.xml -Dmaven.repo.local=F:\repository package
java_class_path (initial): D:\soft\IntelliJ IDEA 2019.3.4\plugins\maven\lib\maven3\boot\plexus-classworlds-2.6.0.jar;D:\soft\IntelliJ IDEA 2019.3.4\lib\idea_rt.jar
Launcher Type: SUN_STANDARD

Environment Variables:
JAVA_HOME=E:\soft\java\jdk-8u144
PATH=C:\ProgramData\Oracle\Java\javapath;C:\Windows\system32;C:\Windows;C:\Windows\System32\Wbem;C:\Windows\System32\WindowsPowerShell\v1.0\;C:\Windows\System32\OpenSSH\;E:\soft\java\jdk-8u144\bin;E:\TortoiseProc\bin;E:\nodejs;E:\nodejs\node_global;C:\Program Files\Git\cmd;C:\Users\dky\AppData\Local\Microsoft\WindowsApps;
USERNAME=dky
OS=Windows_NT
PROCESSOR_IDENTIFIER=Intel64 Family 6 Model 158 Stepping 9, GenuineIntel



---------------  S Y S T E M  ---------------

OS: Windows 10.0 , 64 bit Build 18362 (10.0.18362.959)

CPU:total 8 (initial active 8) (4 cores per cpu, 2 threads per core) family 6 model 158 stepping 9, cmov, cx8, fxsr, mmx, sse, sse2, sse3, ssse3, sse4.1, sse4.2, popcnt, avx, avx2, aes, clmul, erms, 3dnowpref, lzcnt, ht, tsc, tscinvbit, bmi1, bmi2, adx

Memory: 4k page, physical 8236776k(243928k free), swap 19695972k(820k free)

vm_info: Java HotSpot(TM) 64-Bit Server VM (25.144-b01) for windows-amd64 JRE (1.8.0_144-b01), built on Jul 21 2017 21:57:33 by "java_re" with MS VC++ 10.0 (VS2010)

time: Sat Sep 05 19:18:33 2020
elapsed time: 30 seconds (0d 0h 0m 30s)

