#
# There is insufficient memory for the Java Runtime Environment to continue.
# Native memory allocation (mmap) failed to map 132120576 bytes for Failed to commit area from 0x0000000082400000 to 0x000000008a200000 of length 132120576.
# Possible reasons:
#   The system is out of physical RAM or swap space
#   The process is running with CompressedOops enabled, and the Java Heap may be blocking the growth of the native heap
# Possible solutions:
#   Reduce memory load on the system
#   Increase physical memory or swap space
#   Check if swap backing store is full
#   Decrease Java heap size (-Xmx/-Xms)
#   Decrease number of Java threads
#   Decrease Java thread stack sizes (-Xss)
#   Set larger code cache with -XX:ReservedCodeCacheSize=
# This output file may be truncated or incomplete.
#
#  Out of Memory Error (c:/BuildAgent/work/5ff2f6c26000d570/src/hotspot/os/windows/os_windows.cpp:3296), pid=40468, tid=32292
#
# JRE version:  (11.0.6+8) (build )
# Java VM: OpenJDK 64-Bit Server VM (11.0.6+8-b520.43, mixed mode, sharing, tiered, compressed oops, g1 gc, windows-amd64)
# No core dump will be written. Minidumps are not enabled by default on client versions of Windows
#

---------------  S U M M A R Y ------------

Command Line: org.jetbrains.git4idea.http.GitAskPassApp Username for 'http://gitlab.duoge.work': 

Host: Intel(R) Core(TM) i7-7700HQ CPU @ 2.80GHz, 8 cores, 7G,  Windows 10 , 64 bit Build 18362 (10.0.18362.959)
Time: Sat Sep  5 22:15:59 2020 ?D1¨²¡À¨º¡Á?¨º¡À?? elapsed time: 0 seconds (0d 0h 0m 0s)

---------------  T H R E A D  ---------------

Current thread (0x000001bf5ec58800):  JavaThread "Unknown thread" [_thread_in_vm, id=32292, stack(0x00000010df400000,0x00000010df500000)]

Stack: [0x00000010df400000,0x00000010df500000]
Native frames: (J=compiled Java code, j=interpreted, Vv=VM code, C=native code)
V  [jvm.dll+0x5de31a]
V  [jvm.dll+0x710ae5]
V  [jvm.dll+0x712005]
V  [jvm.dll+0x7126b3]
V  [jvm.dll+0x23e3a8]
V  [jvm.dll+0x5db814]
V  [jvm.dll+0x5d0a35]
V  [jvm.dll+0x2faeeb]
V  [jvm.dll+0x2fae5a]
V  [jvm.dll+0x2fad32]
V  [jvm.dll+0x2ffc06]
V  [jvm.dll+0x348483]
V  [jvm.dll+0x348b86]
V  [jvm.dll+0x348583]
V  [jvm.dll+0x2d57b8]
V  [jvm.dll+0x2d6957]
V  [jvm.dll+0x6ef8a7]
V  [jvm.dll+0x6f109c]
V  [jvm.dll+0x355a79]
V  [jvm.dll+0x6d49ee]
V  [jvm.dll+0x3bf0a3]
V  [jvm.dll+0x3c15c1]
C  [jli.dll+0x5363]
C  [ucrtbase.dll+0x20e82]
C  [KERNEL32.DLL+0x17bd4]
C  [ntdll.dll+0x6ce51]


---------------  P R O C E S S  ---------------

Threads class SMR info:
_java_thread_list=0x000001bf5ca85610, length=0, elements={
}

Java Threads: ( => current thread )

Other Threads:
  0x000001bf5ec71800 GCTaskThread "GC Thread#0" [stack: 0x00000010df500000,0x00000010df600000] [id=40672]
  0x000001bf5eca1000 ConcurrentGCThread "G1 Main Marker" [stack: 0x00000010df600000,0x00000010df700000] [id=38668]
  0x000001bf5eca2800 ConcurrentGCThread "G1 Conc#0" [stack: 0x00000010df700000,0x00000010df800000] [id=40444]

[error occurred during error reporting (printing all threads), id 0xc0000005, EXCEPTION_ACCESS_VIOLATION (0xc0000005) at pc=0x00007ff945bb6027]

VM state:not at safepoint (not fully initialized)

VM Mutex/Monitor currently owned by a thread:  ([mutex/lock_event])
[0x000001bf5ec561d0] Heap_lock - owner thread: 0x000001bf5ec58800

Heap address: 0x0000000082400000, size: 2012 MB, Compressed Oops mode: Non-zero based: 0x0000000082400000
Narrow klass base: 0x0000000000000000, Narrow klass shift: 0

GC Heap History (0 events):
No events

Deoptimization events (0 events):
No events

Classes redefined (0 events):
No events

Internal exceptions (0 events):
No events

Events (2 events):
Event: 0.010 Loaded shared library D:\soft\IntelliJ IDEA 2019.3.4\jbr\bin\zip.dll
Event: 0.010 Loaded shared library D:\soft\IntelliJ IDEA 2019.3.4\jbr\bin\jimage.dll


Dynamic libraries:
0x00007ff785430000 - 0x00007ff78543a000 	D:\soft\IntelliJ IDEA 2019.3.4\jbr\bin\java.exe
0x00007ff993d20000 - 0x00007ff993f10000 	C:\Windows\SYSTEM32\ntdll.dll
0x00007ff993460000 - 0x00007ff993512000 	C:\Windows\System32\KERNEL32.DLL
0x00007ff990f20000 - 0x00007ff9911c4000 	C:\Windows\System32\KERNELBASE.dll
0x00007ff991490000 - 0x00007ff99158a000 	C:\Windows\System32\ucrtbase.dll
0x00007ff98d0f0000 - 0x00007ff98d107000 	D:\soft\IntelliJ IDEA 2019.3.4\jbr\bin\VCRUNTIME140.dll
0x00007ff98d0d0000 - 0x00007ff98d0e9000 	D:\soft\IntelliJ IDEA 2019.3.4\jbr\bin\jli.dll
0x00007ff993ae0000 - 0x00007ff993c75000 	C:\Windows\System32\USER32.dll
0x00007ff991d20000 - 0x00007ff991d41000 	C:\Windows\System32\win32u.dll
0x00007ff9935c0000 - 0x00007ff9935e6000 	C:\Windows\System32\GDI32.dll
0x00007ff9911d0000 - 0x00007ff991366000 	C:\Windows\System32\gdi32full.dll
0x00007ff9913c0000 - 0x00007ff99145e000 	C:\Windows\System32\msvcp_win.dll
0x00007ff97df50000 - 0x00007ff97e1d4000 	C:\Windows\WinSxS\amd64_microsoft.windows.common-controls_6595b64144ccf1df_6.0.18362.1016_none_9e7a36bbe461dae4\COMCTL32.dll
0x00007ff9920b0000 - 0x00007ff99214e000 	C:\Windows\System32\msvcrt.dll
0x00007ff992300000 - 0x00007ff992635000 	C:\Windows\System32\combase.dll
0x00007ff992150000 - 0x00007ff992270000 	C:\Windows\System32\RPCRT4.dll
0x00007ff991d50000 - 0x00007ff991dd0000 	C:\Windows\System32\bcryptPrimitives.dll
0x00007ff992ca0000 - 0x00007ff992cce000 	C:\Windows\System32\IMM32.DLL
0x00007ff96a900000 - 0x00007ff96a99d000 	D:\soft\IntelliJ IDEA 2019.3.4\jbr\bin\msvcp140.dll
0x00007ff9458d0000 - 0x00007ff94638d000 	D:\soft\IntelliJ IDEA 2019.3.4\jbr\bin\server\jvm.dll
0x00007ff991f70000 - 0x00007ff992013000 	C:\Windows\System32\ADVAPI32.dll
0x00007ff993520000 - 0x00007ff9935b7000 	C:\Windows\System32\sechost.dll
0x00007ff9922f0000 - 0x00007ff9922f8000 	C:\Windows\System32\PSAPI.DLL
0x00007ff97c6e0000 - 0x00007ff97c6e9000 	C:\Windows\SYSTEM32\WSOCK32.dll
0x00007ff992040000 - 0x00007ff9920af000 	C:\Windows\System32\WS2_32.dll
0x00007ff9907c0000 - 0x00007ff9907ca000 	C:\Windows\SYSTEM32\VERSION.dll
0x00007ff98d410000 - 0x00007ff98d434000 	C:\Windows\SYSTEM32\WINMM.dll
0x00007ff98d3e0000 - 0x00007ff98d40d000 	C:\Windows\SYSTEM32\winmmbase.dll
0x00007ff991370000 - 0x00007ff9913ba000 	C:\Windows\System32\cfgmgr32.dll
0x00007ff990c00000 - 0x00007ff990c11000 	C:\Windows\System32\kernel.appcore.dll
0x00007ff98d4f0000 - 0x00007ff98d501000 	D:\soft\IntelliJ IDEA 2019.3.4\jbr\bin\verify.dll
0x00007ff98f430000 - 0x00007ff98f624000 	C:\Windows\SYSTEM32\DBGHELP.DLL
0x00007ff97b0d0000 - 0x00007ff97b0fa000 	C:\Windows\SYSTEM32\dbgcore.DLL
0x00007ff980060000 - 0x00007ff980089000 	D:\soft\IntelliJ IDEA 2019.3.4\jbr\bin\java.dll
0x00007ff9826e0000 - 0x00007ff9826f8000 	D:\soft\IntelliJ IDEA 2019.3.4\jbr\bin\zip.dll
0x00007ff98d4e0000 - 0x00007ff98d4eb000 	D:\soft\IntelliJ IDEA 2019.3.4\jbr\bin\jimage.dll

dbghelp: loaded successfully - version: 4.0.5 - missing functions: none
symbol engine: initialized successfully - sym options: 0x614 - pdb path: .;D:\soft\IntelliJ IDEA 2019.3.4\jbr\bin;C:\Windows\SYSTEM32;C:\Windows\WinSxS\amd64_microsoft.windows.common-controls_6595b64144ccf1df_6.0.18362.1016_none_9e7a36bbe461dae4;D:\soft\IntelliJ IDEA 2019.3.4\jbr\bin\server

VM Arguments:
java_command: org.jetbrains.git4idea.http.GitAskPassApp Username for 'http://gitlab.duoge.work': 
java_class_path (initial): D:/soft/IntelliJ IDEA 2019.3.4/plugins/git4idea/lib/git4idea-rt.jar;D:/soft/IntelliJ IDEA 2019.3.4/lib/xmlrpc-2.0.1.jar;D:/soft/IntelliJ IDEA 2019.3.4/lib/commons-codec-1.13.jar;D:/soft/IntelliJ IDEA 2019.3.4/lib/util.jar
Launcher Type: SUN_STANDARD

[Global flags]
     intx CICompilerCount                          = 4                                         {product} {ergonomic}
     uint ConcGCThreads                            = 2                                         {product} {ergonomic}
     uint G1ConcRefinementThreads                  = 8                                         {product} {ergonomic}
   size_t G1HeapRegionSize                         = 1048576                                   {product} {ergonomic}
    uintx GCDrainStackTargetSize                   = 64                                        {product} {ergonomic}
   size_t InitialHeapSize                          = 132120576                                 {product} {ergonomic}
   size_t MarkStackSize                            = 4194304                                   {product} {ergonomic}
   size_t MaxHeapSize                              = 2109734912                                {product} {ergonomic}
   size_t MinHeapDeltaBytes                        = 1048576                                   {product} {ergonomic}
    uintx NonNMethodCodeHeapSize                   = 5836300                                {pd product} {ergonomic}
    uintx NonProfiledCodeHeapSize                  = 122910970                              {pd product} {ergonomic}
    uintx ProfiledCodeHeapSize                     = 122910970                              {pd product} {ergonomic}
    uintx ReservedCodeCacheSize                    = 251658240                              {pd product} {ergonomic}
     bool SegmentedCodeCache                       = true                                      {product} {ergonomic}
     bool UseCompressedClassPointers               = true                                 {lp64_product} {ergonomic}
     bool UseCompressedOops                        = true                                 {lp64_product} {ergonomic}
     bool UseG1GC                                  = true                                      {product} {ergonomic}
     bool UseLargePagesIndividualAllocation        = false                                  {pd product} {ergonomic}

Logging:
Log output configuration:
 #0: stdout all=warning uptime,level,tags
 #1: stderr all=off uptime,level,tags

Environment Variables:
JAVA_HOME=E:\soft\java\jdk-8u144
PATH=C:\Program Files\Git\mingw64\libexec\git-core;C:\Program Files\Git\mingw64\libexec\git-core;C:\Program Files\Git\mingw64\bin;C:\Program Files\Git\usr\bin;C:\Users\dky\bin;C:\ProgramData\Oracle\Java\javapath;C:\Windows\system32;C:\Windows;C:\Windows\System32\Wbem;C:\Windows\System32\WindowsPowerShell\v1.0;C:\Windows\System32\OpenSSH;E:\soft\java\jdk-8u144\bin;E:\TortoiseProc\bin;E:\nodejs;E:\nodejs\node_global;C:\Program Files\Git\cmd;C:\Users\dky\AppData\Local\Microsoft\WindowsApps
USERNAME=dky
DISPLAY=:0.0
OS=Windows_NT
PROCESSOR_IDENTIFIER=Intel64 Family 6 Model 158 Stepping 9, GenuineIntel



---------------  S Y S T E M  ---------------

OS: Windows 10 , 64 bit Build 18362 (10.0.18362.959)

CPU:total 8 (initial active 8) (4 cores per cpu, 2 threads per core) family 6 model 158 stepping 9, cmov, cx8, fxsr, mmx, sse, sse2, sse3, ssse3, sse4.1, sse4.2, popcnt, avx, avx2, aes, clmul, erms, 3dnowpref, lzcnt, ht, tsc, tscinvbit, bmi1, bmi2, adx, fma

Memory: 4k page, system-wide physical 8043M (764M free)
TotalPageFile size 19232M (AvailPageFile size 122M)
current process WorkingSet (physical memory assigned to process): 10M, peak: 10M
current process commit charge ("private bytes"): 60M, peak: 185M

vm_info: OpenJDK 64-Bit Server VM (11.0.6+8-b520.43) for windows-amd64 JRE (11.0.6+8-b520.43), built on Feb  3 2020 14:18:56 by "" with MS VC++ 14.0 (VS2015)

END.
